[{"line":1,"elements":[{"start_timestamp":"2024-06-27T21:06:16.391Z","before":[{"result":{"duration":3478303800,"status":"passed"},"match":{"location":"stepDefinitions.AllTests.setup()"}}],"line":2,"name":"Check that Sign Up Scenario works successfully","description":"","id":"all-tests;check-that-sign-up-scenario-works-successfully","after":[{"result":{"duration":405684200,"status":"passed"},"match":{"location":"stepDefinitions.AllTests.tearDown()"}}],"type":"scenario","keyword":"Scenario","steps":[{"result":{"duration":1179060400,"status":"passed"},"line":3,"name":"User visits home page to sign up","match":{"location":"stepDefinitions.AllTests.user_visits_on_the_homepage()"},"keyword":"Given "},{"result":{"duration":179000600,"status":"passed"},"line":4,"name":"User clicks on Sign Up Button","match":{"location":"stepDefinitions.AllTests.user_clicks_on_sign_up_button()"},"keyword":"When "},{"result":{"duration":1541921000,"status":"passed"},"line":5,"name":"User inputs name, email, password, confirm password and selects a role","match":{"location":"stepDefinitions.AllTests.user_inputs_name_email_password_and_confirm_password()"},"keyword":"When "},{"result":{"duration":130002600,"status":"passed"},"line":6,"name":"User clicks submit sign up button","match":{"location":"stepDefinitions.AllTests.user_clicks_submit_sign_up_button()"},"keyword":"When "},{"result":{"duration":630883400,"status":"passed"},"line":7,"name":"User receives a sign up success message","match":{"location":"stepDefinitions.AllTests.user_receives_a_sign_up_success_message()"},"keyword":"Then "}]},{"start_timestamp":"2024-06-27T21:06:24.012Z","before":[{"result":{"duration":1683296900,"status":"passed"},"match":{"location":"stepDefinitions.AllTests.setup()"}}],"line":9,"name":"Admin approves a new user","description":"","id":"all-tests;admin-approves-a-new-user","after":[{"result":{"duration":375998800,"status":"passed"},"match":{"location":"stepDefinitions.AllTests.tearDown()"}}],"type":"scenario","keyword":"Scenario","steps":[{"result":{"duration":1137340900,"status":"passed"},"line":10,"name":"Admin visits home page to approve a user","match":{"location":"stepDefinitions.AllTests.admin_visits_home_page_to_approve_a_user()"},"keyword":"Given "},{"result":{"duration":212002900,"status":"passed"},"line":11,"name":"Admin clicks on login button to approve a user","match":{"location":"stepDefinitions.AllTests.admin_clicks_on_login_button_to_approve_a_user()"},"keyword":"When "},{"result":{"duration":1152197000,"status":"passed"},"line":12,"name":"Admin logins with email and password to approve a user","match":{"location":"stepDefinitions.AllTests.admin_logins_with_email_and_password_to_approve_a_user()"},"keyword":"When "},{"result":{"duration":1247367800,"status":"passed"},"line":13,"name":"Admin visits Admin Panel to approve a user","match":{"location":"stepDefinitions.AllTests.admin_visits_admin_panel_to_approve_a_user()"},"keyword":"When "},{"result":{"duration":432039700,"status":"passed"},"line":14,"name":"Admin clicks on New Accounts tab","match":{"location":"stepDefinitions.AllTests.admin_clicks_on_new_accounts_tab()"},"keyword":"When "},{"result":{"error_message":"java.lang.AssertionError: expected [alfred.grimes@hotmail.com] but found [lane.lemke@hotmail.com]\r\n\tat org.testng.Assert.fail(Assert.java:111)\r\n\tat org.testng.Assert.failNotEquals(Assert.java:1578)\r\n\tat org.testng.Assert.assertEqualsImpl(Assert.java:150)\r\n\tat org.testng.Assert.assertEquals(Assert.java:132)\r\n\tat org.testng.Assert.assertEquals(Assert.java:656)\r\n\tat org.testng.Assert.assertEquals(Assert.java:666)\r\n\tat stepDefinitions.AllTests.admin_approves_the_new_user(AllTests.java:176)\r\n\tat ✽.Admin approves the first new user(file:///C:/Users/Marcus/Desktop/SUMMER%202024/SENG%20426/crypto-testing/src/test/java/features/AllTests.feature:15)\r\n","duration":74000400,"status":"failed"},"line":15,"name":"Admin approves the first new user","match":{"location":"stepDefinitions.AllTests.admin_approves_the_new_user()"},"keyword":"Then "}]},{"start_timestamp":"2024-06-27T21:06:30.353Z","before":[{"result":{"duration":1549844900,"status":"passed"},"match":{"location":"stepDefinitions.AllTests.setup()"}}],"line":17,"name":"User without account attempts to use encryption","description":"","id":"all-tests;user-without-account-attempts-to-use-encryption","after":[{"result":{"duration":504661500,"status":"passed"},"match":{"location":"stepDefinitions.AllTests.tearDown()"}}],"type":"scenario","keyword":"Scenario","steps":[{"result":{"duration":1191802800,"status":"passed"},"line":18,"name":"User visits home page","match":{"location":"stepDefinitions.AllTests.user_visits_homepage()"},"keyword":"Given "},{"result":{"duration":334644900,"status":"passed"},"line":19,"name":"User selects encryption","match":{"location":"stepDefinitions.AllTests.user_selects_encryption()"},"keyword":"When "},{"result":{"duration":63243000,"status":"passed"},"line":20,"name":"Login popup appears","match":{"location":"stepDefinitions.AllTests.login_popup_appears()"},"keyword":"Then "}]},{"start_timestamp":"2024-06-27T21:06:34.012Z","before":[{"result":{"duration":1535792700,"status":"passed"},"match":{"location":"stepDefinitions.AllTests.setup()"}}],"line":22,"name":"User without account attempts to use decryption","description":"","id":"all-tests;user-without-account-attempts-to-use-decryption","after":[{"result":{"duration":450630700,"status":"passed"},"match":{"location":"stepDefinitions.AllTests.tearDown()"}}],"type":"scenario","keyword":"Scenario","steps":[{"result":{"duration":1295524600,"status":"passed"},"line":23,"name":"User visits home page","match":{"location":"stepDefinitions.AllTests.user_visits_homepage()"},"keyword":"Given "},{"result":{"duration":190806900,"status":"passed"},"line":24,"name":"User selects decryption","match":{"location":"stepDefinitions.AllTests.user_selects_decryption()"},"keyword":"When "},{"result":{"duration":76011200,"status":"passed"},"line":25,"name":"Login popup appears","match":{"location":"stepDefinitions.AllTests.login_popup_appears()"},"keyword":"Then "}]},{"start_timestamp":"2024-06-27T21:06:37.570Z","before":[{"result":{"duration":1556042300,"status":"passed"},"match":{"location":"stepDefinitions.AllTests.setup()"}}],"line":28,"name":"User performs role change","description":"","id":"all-tests;user-performs-role-change","after":[{"result":{"duration":392997300,"status":"passed"},"match":{"location":"stepDefinitions.AllTests.tearDown()"}}],"type":"scenario","keyword":"Scenario","steps":[{"result":{"duration":1061207000,"status":"passed"},"line":29,"name":"User visits home page","match":{"location":"stepDefinitions.AllTests.user_visits_homepage()"},"keyword":"Given "},{"result":{"duration":1336854400,"status":"passed"},"line":30,"name":"Employee logs in","match":{"location":"stepDefinitions.AllTests.employee_logs_in()"},"keyword":"When "},{"result":{"duration":30797125600,"status":"passed"},"line":31,"name":"User cannot click admin panel","match":{"location":"stepDefinitions.AllTests.user_cannot_click_admin_panel()"},"keyword":"Then "}]},{"start_timestamp":"2024-06-27T21:07:12.724Z","before":[{"result":{"duration":1770068800,"status":"passed"},"match":{"location":"stepDefinitions.AllTests.setup()"}}],"line":33,"name":"Admin performs role change","description":"","id":"all-tests;admin-performs-role-change","after":[{"result":{"duration":327027500,"status":"passed"},"match":{"location":"stepDefinitions.AllTests.tearDown()"}}],"type":"scenario","keyword":"Scenario","steps":[{"result":{"duration":1250484800,"status":"passed"},"line":34,"name":"Admin visits home page to log in","match":{"location":"stepDefinitions.AllTests.admin_visits_on_the_homepage()"},"keyword":"Given "},{"result":{"duration":1240237800,"status":"passed"},"line":35,"name":"Admin logs in","match":{"location":"stepDefinitions.AllTests.admin_logs_in()"},"keyword":"When "},{"result":{"duration":1699439500,"status":"passed"},"line":36,"name":"Admin goes to edit role","match":{"location":"stepDefinitions.AllTests.admin_goes_to_edit_role()"},"keyword":"When "},{"result":{"error_message":"org.openqa.selenium.TimeoutException: Expected condition failed: waiting for element to be clickable: By.cssSelector: #pr_id_5-table > tbody:nth-child(2) > tr:nth-child(3) > td:nth-child(6) > div:nth-child(1) > button:nth-child(1) (tried for 30 second(s) with 500 milliseconds interval)\nBuild info: version: '4.21.0', revision: '79ed462ef4'\nSystem info: os.name: 'Windows 10', os.arch: 'amd64', os.version: '10.0', java.version: '21.0.2'\nDriver info: org.openqa.selenium.chrome.ChromeDriver\nCapabilities {acceptInsecureCerts: false, browserName: chrome, browserVersion: 126.0.6478.127, chrome: {chromedriverVersion: 126.0.6478.126 (d36ace6122e..., userDataDir: C:\\Users\\Marcus\\AppData\\Loc...}, fedcm:accounts: true, goog:chromeOptions: {debuggerAddress: localhost:53714}, networkConnectionEnabled: false, pageLoadStrategy: normal, platformName: windows, proxy: Proxy(), se:cdp: ws://localhost:53714/devtoo..., se:cdpVersion: 126.0.6478.127, setWindowRect: true, strictFileInteractability: false, timeouts: {implicit: 0, pageLoad: 300000, script: 30000}, unhandledPromptBehavior: dismiss and notify, webauthn:extension:credBlob: true, webauthn:extension:largeBlob: true, webauthn:extension:minPinLength: true, webauthn:extension:prf: true, webauthn:virtualAuthenticators: true}\nSession ID: e4535181c61376213a62dd88750ca4bf\r\n\tat org.openqa.selenium.support.ui.WebDriverWait.timeoutException(WebDriverWait.java:84)\r\n\tat org.openqa.selenium.support.ui.FluentWait.until(FluentWait.java:228)\r\n\tat stepDefinitions.AllTests.role_is_edited(AllTests.java:287)\r\n\tat ✽.Role is edited(file:///C:/Users/Marcus/Desktop/SUMMER%202024/SENG%20426/crypto-testing/src/test/java/features/AllTests.feature:37)\r\n","duration":30080200300,"status":"failed"},"line":37,"name":"Role is edited","match":{"location":"stepDefinitions.AllTests.role_is_edited()"},"keyword":"Then "}]},{"start_timestamp":"2024-06-27T21:07:49.172Z","before":[{"result":{"duration":1509830200,"status":"passed"},"match":{"location":"stepDefinitions.AllTests.setup()"}}],"line":39,"name":"User views admin-uploaded file","description":"","id":"all-tests;user-views-admin-uploaded-file","after":[{"result":{"duration":364313900,"status":"passed"},"match":{"location":"stepDefinitions.AllTests.tearDown()"}}],"type":"scenario","keyword":"Scenario","steps":[{"result":{"duration":1222336400,"status":"passed"},"line":40,"name":"User visits home page","match":{"location":"stepDefinitions.AllTests.user_visits_homepage()"},"keyword":"Given "},{"result":{"duration":1250003100,"status":"passed"},"line":41,"name":"User logs in","match":{"location":"stepDefinitions.AllTests.user_logs_in()"},"keyword":"When "},{"result":{"duration":31047092400,"status":"passed"},"line":42,"name":"User cannot click admin panel","match":{"location":"stepDefinitions.AllTests.user_cannot_click_admin_panel()"},"keyword":"Then "}]},{"start_timestamp":"2024-06-27T21:08:24.579Z","before":[{"result":{"duration":1623853600,"status":"passed"},"match":{"location":"stepDefinitions.AllTests.setup()"}}],"line":44,"name":"Admin views admin-uploaded file","description":"","id":"all-tests;admin-views-admin-uploaded-file","after":[{"result":{"duration":420000700,"status":"passed"},"match":{"location":"stepDefinitions.AllTests.tearDown()"}}],"type":"scenario","keyword":"Scenario","steps":[{"result":{"duration":1281628700,"status":"passed"},"line":45,"name":"Admin visits home page to log in","match":{"location":"stepDefinitions.AllTests.admin_visits_on_the_homepage()"},"keyword":"Given "},{"result":{"duration":1251151600,"status":"passed"},"line":46,"name":"Admin logs in","match":{"location":"stepDefinitions.AllTests.admin_logs_in()"},"keyword":"When "},{"result":{"duration":1632921000,"status":"passed"},"line":47,"name":"Admin panel Resources tab is selected","match":{"location":"stepDefinitions.AllTests.admin_panel_resources_tab_is_selected()"},"keyword":"When "},{"result":{"duration":68718700,"status":"passed"},"line":48,"name":"Admin-uploaded files are visible","match":{"location":"stepDefinitions.AllTests.admin_uploaded_files_are_visible()"},"keyword":"Then "}]},{"start_timestamp":"2024-06-27T21:08:30.875Z","before":[{"result":{"duration":1631425000,"status":"passed"},"match":{"location":"stepDefinitions.AllTests.setup()"}}],"line":50,"name":"Employee views admin-uploaded file","description":"","id":"all-tests;employee-views-admin-uploaded-file","after":[{"result":{"duration":393182300,"status":"passed"},"match":{"location":"stepDefinitions.AllTests.tearDown()"}}],"type":"scenario","keyword":"Scenario","steps":[{"result":{"duration":1300396400,"status":"passed"},"line":51,"name":"User visits home page","match":{"location":"stepDefinitions.AllTests.user_visits_homepage()"},"keyword":"Given "},{"result":{"duration":1965129900,"status":"passed"},"line":52,"name":"Employee logs in","match":{"location":"stepDefinitions.AllTests.employee_logs_in()"},"keyword":"When "},{"result":{"error_message":"org.openqa.selenium.TimeoutException: Expected condition failed: waiting for element to be clickable: By.cssSelector: div #collapsibleNavId ul li:nth-child(8) a (tried for 30 second(s) with 500 milliseconds interval)\nBuild info: version: '4.21.0', revision: '79ed462ef4'\nSystem info: os.name: 'Windows 10', os.arch: 'amd64', os.version: '10.0', java.version: '21.0.2'\nDriver info: org.openqa.selenium.chrome.ChromeDriver\nCapabilities {acceptInsecureCerts: false, browserName: chrome, browserVersion: 126.0.6478.127, chrome: {chromedriverVersion: 126.0.6478.126 (d36ace6122e..., userDataDir: C:\\Users\\Marcus\\AppData\\Loc...}, fedcm:accounts: true, goog:chromeOptions: {debuggerAddress: localhost:53847}, networkConnectionEnabled: false, pageLoadStrategy: normal, platformName: windows, proxy: Proxy(), se:cdp: ws://localhost:53847/devtoo..., se:cdpVersion: 126.0.6478.127, setWindowRect: true, strictFileInteractability: false, timeouts: {implicit: 0, pageLoad: 300000, script: 30000}, unhandledPromptBehavior: dismiss and notify, webauthn:extension:credBlob: true, webauthn:extension:largeBlob: true, webauthn:extension:minPinLength: true, webauthn:extension:prf: true, webauthn:virtualAuthenticators: true}\nSession ID: ab8c5f8ea615520e76f7e3843bd5e8ac\r\n\tat org.openqa.selenium.support.ui.WebDriverWait.timeoutException(WebDriverWait.java:84)\r\n\tat org.openqa.selenium.support.ui.FluentWait.until(FluentWait.java:228)\r\n\tat stepDefinitions.AllTests.admin_panel_resources_tab_is_selected(AllTests.java:347)\r\n\tat ✽.Admin panel Resources tab is selected(file:///C:/Users/Marcus/Desktop/SUMMER%202024/SENG%20426/crypto-testing/src/test/java/features/AllTests.feature:53)\r\n","duration":31303063100,"status":"failed"},"line":53,"name":"Admin panel Resources tab is selected","match":{"location":"stepDefinitions.AllTests.admin_panel_resources_tab_is_selected()"},"keyword":"When "},{"result":{"status":"skipped"},"line":54,"name":"Admin-uploaded files are visible","match":{"location":"stepDefinitions.AllTests.admin_uploaded_files_are_visible()"},"keyword":"Then "}]}],"name":"All Tests","description":"","id":"all-tests","keyword":"Feature","uri":"file:src/test/java/features/AllTests.feature","tags":[]}]